<?xml version="1.0" encoding="UTF-8"?>
<!-- Generated by org.testng.reporters.JUnitXMLReporter -->
<testsuite hostname="DESKTOP-NAE8MPS" ignored="0" name="Test" tests="4" failures="0" timestamp="29 Dec 2018 02:52:07 GMT" time="3.745" errors="0">
  <testcase name="setUp" time="3.711" classname="com.Maven.classes1.BaseClass"/>
  <testcase name="hello" time="0.002" classname="com.Maven.classes1.MavenTest"/>
  <testcase name="testMethod" time="0.0" classname="com.Maven.classes1.TestNGClassOne"/>
  <testcase name="testMethodTwo" time="0.001" classname="com.Maven.classes1.TestNGClassOne"/>
</testsuite> <!-- Test -->
