<?xml version="1.0" encoding="UTF-8"?>
<testng-results skipped="0" failed="0" ignored="0" total="4" passed="4">
  <reporter-output>
  </reporter-output>
  <suite name="Suite" duration-ms="4027" started-at="2018-12-29T03:42:55Z" finished-at="2018-12-29T03:42:59Z">
    <groups>
    </groups>
    <test name="Test" duration-ms="4027" started-at="2018-12-29T03:42:55Z" finished-at="2018-12-29T03:42:59Z">
      <class name="com.Maven.classes1.TestNGClassOne">
        <test-method status="PASS" signature="BeforMethod()[pri:0, instance:com.Maven.classes1.TestNGClassOne@735b478]" name="BeforMethod" is-config="true" duration-ms="1" started-at="2018-12-29T03:42:59Z" finished-at="2018-12-29T03:42:59Z">
          <reporter-output>
          </reporter-output>
        </test-method> <!-- BeforMethod -->
        <test-method status="PASS" signature="testMethod()[pri:0, instance:com.Maven.classes1.TestNGClassOne@735b478]" name="testMethod" duration-ms="0" started-at="2018-12-29T03:42:59Z" finished-at="2018-12-29T03:42:59Z">
          <reporter-output>
          </reporter-output>
        </test-method> <!-- testMethod -->
        <test-method status="PASS" signature="AfterMethod()[pri:0, instance:com.Maven.classes1.TestNGClassOne@735b478]" name="AfterMethod" is-config="true" duration-ms="0" started-at="2018-12-29T03:42:59Z" finished-at="2018-12-29T03:42:59Z">
          <reporter-output>
          </reporter-output>
        </test-method> <!-- AfterMethod -->
        <test-method status="PASS" signature="testMethodTwo()[pri:0, instance:com.Maven.classes1.TestNGClassOne@735b478]" name="testMethodTwo" duration-ms="0" started-at="2018-12-29T03:42:59Z" finished-at="2018-12-29T03:42:59Z">
          <reporter-output>
          </reporter-output>
        </test-method> <!-- testMethodTwo -->
        <test-method status="PASS" signature="BeforMethod()[pri:0, instance:com.Maven.classes1.TestNGClassOne@735b478]" name="BeforMethod" is-config="true" duration-ms="0" started-at="2018-12-29T03:42:59Z" finished-at="2018-12-29T03:42:59Z">
          <reporter-output>
          </reporter-output>
        </test-method> <!-- BeforMethod -->
        <test-method status="PASS" signature="AfterMethod()[pri:0, instance:com.Maven.classes1.TestNGClassOne@735b478]" name="AfterMethod" is-config="true" duration-ms="0" started-at="2018-12-29T03:42:59Z" finished-at="2018-12-29T03:42:59Z">
          <reporter-output>
          </reporter-output>
        </test-method> <!-- AfterMethod -->
      </class> <!-- com.Maven.classes1.TestNGClassOne -->
      <class name="com.Maven.classes1.BaseClass">
        <test-method status="PASS" signature="setUp()[pri:0, instance:com.Maven.classes1.BaseClass@531be3c5]" name="setUp" duration-ms="3997" started-at="2018-12-29T03:42:55Z" finished-at="2018-12-29T03:42:59Z">
          <reporter-output>
          </reporter-output>
        </test-method> <!-- setUp -->
      </class> <!-- com.Maven.classes1.BaseClass -->
      <class name="com.Maven.classes1.MavenTest">
        <test-method status="PASS" signature="hello()[pri:0, instance:com.Maven.classes1.MavenTest@52af6cff]" name="hello" duration-ms="1" started-at="2018-12-29T03:42:59Z" finished-at="2018-12-29T03:42:59Z">
          <reporter-output>
          </reporter-output>
        </test-method> <!-- hello -->
      </class> <!-- com.Maven.classes1.MavenTest -->
    </test> <!-- Test -->
  </suite> <!-- Suite -->
</testng-results>
