<?xml version="1.0" encoding="UTF-8"?>
<testsuite xmlns:xsi="http://www.w3.org/2001/XMLSchema-instance" xsi:noNamespaceSchemaLocation="https://maven.apache.org/surefire/maven-surefire-plugin/xsd/surefire-test-report.xsd" name="TestSuite" time="4.704" tests="4" errors="0" skipped="0" failures="0">
  <properties>
[...]
</properties>
  <testcase name="setUp" classname="com.Maven.classes1.BaseClass" time="4"/>
  <testcase name="hello" classname="com.Maven.classes1.MavenTest" time="0"/>
  <testcase name="testMethod" classname="com.Maven.classes1.TestNGClassOne" time="0.001"/>
  <testcase name="testMethodTwo" classname="com.Maven.classes1.TestNGClassOne" time="0.001"/>
</testsuite>