<?xml version="1.0" encoding="UTF-8"?>
<testng-results skipped="0" failed="0" ignored="0" total="1" passed="1">
  <reporter-output>
  </reporter-output>
  <suite name="Default suite" duration-ms="3036" started-at="2018-12-05T00:50:24Z" finished-at="2018-12-05T00:50:27Z">
    <groups>
    </groups>
    <test name="Default test" duration-ms="3036" started-at="2018-12-05T00:50:24Z" finished-at="2018-12-05T00:50:27Z">
      <class name="com.Maven.Class2.baseclassHtml">
        <test-method status="PASS" signature="setup()[pri:0, instance:com.Maven.Class2.baseclassHtml@ea1a8d5]" name="setup" duration-ms="3003" started-at="2018-12-05T00:50:24Z" finished-at="2018-12-05T00:50:27Z">
          <reporter-output>
          </reporter-output>
        </test-method> <!-- setup -->
      </class> <!-- com.Maven.Class2.baseclassHtml -->
    </test> <!-- Default test -->
  </suite> <!-- Default suite -->
</testng-results>
